[    0.000000] Linux version 4.15.0-88-generic (buildd@lgw01-amd64-036) (gcc version 7.4.0 (Ubuntu 7.4.0-1ubuntu1~18.04.1)) #88-Ubuntu SMP Tue Feb 11 20:11:34 UTC 2020 (Ubuntu 4.15.0-88.88-generic 4.15.18)
[    0.000000] Command line: BOOT_IMAGE=/boot/vmlinuz-4.15.0-88-generic root=LABEL=cloudimg-rootfs ro console=tty1 console=ttyS0
[    0.000000] KERNEL supported cpus:
[    0.000000]   Intel GenuineIntel
[    0.000000]   AMD AuthenticAMD
[    0.000000]   Centaur CentaurHauls
[    0.000000] x86/fpu: Supporting XSAVE feature 0x001: 'x87 floating point registers'
[    0.000000] x86/fpu: Supporting XSAVE feature 0x002: 'SSE registers'
[    0.000000] x86/fpu: Supporting XSAVE feature 0x004: 'AVX registers'
[    0.000000] x86/fpu: xstate_offset[2]:  576, xstate_sizes[2]:  256
[    0.000000] x86/fpu: Enabled xstate features 0x7, context size is 832 bytes, using 'standard' format.
[    0.000000] e820: BIOS-provided physical RAM map:
[    0.000000] BIOS-e820: [mem 0x0000000000000000-0x000000000009fbff] usable
[    0.000000] BIOS-e820: [mem 0x000000000009fc00-0x000000000009ffff] reserved
[    0.000000] BIOS-e820: [mem 0x00000000000f0000-0x00000000000fffff] reserved
[    0.000000] BIOS-e820: [mem 0x0000000000100000-0x000000003ffeffff] usable
[    0.000000] BIOS-e820: [mem 0x000000003fff0000-0x000000003fffffff] ACPI data
[    0.000000] BIOS-e820: [mem 0x00000000fec00000-0x00000000fec00fff] reserved
[    0.000000] BIOS-e820: [mem 0x00000000fee00000-0x00000000fee00fff] reserved
[    0.000000] BIOS-e820: [mem 0x00000000fffc0000-0x00000000ffffffff] reserved
[    0.000000] NX (Execute Disable) protection: active
[    0.000000] SMBIOS 2.5 present.
[    0.000000] DMI: innotek GmbH VirtualBox/VirtualBox, BIOS VirtualBox 12/01/2006
[    0.000000] Hypervisor detected: KVM
[    0.000000] e820: last_pfn = 0x3fff0 max_arch_pfn = 0x400000000
[    0.000000] MTRR: Disabled
[    0.000000] x86/PAT: MTRRs disabled, skipping PAT initialization too.
[    0.000000] CPU MTRRs all blank - virtualized system.
[    0.000000] x86/PAT: Configuration [0-7]: WB  WT  UC- UC  WB  WT  UC- UC  
[    0.000000] found SMP MP-table at [mem 0x0009fff0-0x0009ffff]
[    0.000000] Scanning 1 areas for low memory corruption
[    0.000000] RAMDISK: [mem 0x35a6d000-0x36d2dfff]
[    0.000000] ACPI: Early table checksum verification disabled
[    0.000000] ACPI: RSDP 0x00000000000E0000 000024 (v02 VBOX  )
[    0.000000] ACPI: XSDT 0x000000003FFF0030 00003C (v01 VBOX   VBOXXSDT 00000001 ASL  00000061)
[    0.000000] ACPI: FACP 0x000000003FFF00F0 0000F4 (v04 VBOX   VBOXFACP 00000001 ASL  00000061)
[    0.000000] ACPI: DSDT 0x000000003FFF0470 0022EA (v02 VBOX   VBOXBIOS 00000002 INTL 20100528)
[    0.000000] ACPI: FACS 0x000000003FFF0200 000040
[    0.000000] ACPI: FACS 0x000000003FFF0200 000040
[    0.000000] ACPI: APIC 0x000000003FFF0240 00005C (v02 VBOX   VBOXAPIC 00000001 ASL  00000061)
[    0.000000] ACPI: SSDT 0x000000003FFF02A0 0001CC (v01 VBOX   VBOXCPUT 00000002 INTL 20100528)
[    0.000000] No NUMA configuration found
[    0.000000] Faking a node at [mem 0x0000000000000000-0x000000003ffeffff]
[    0.000000] NODE_DATA(0) allocated [mem 0x3ffc5000-0x3ffeffff]
[    0.000000] kvm-clock: cpu 0, msr 0:3ff44001, primary cpu clock
[    0.000000] kvm-clock: Using msrs 4b564d01 and 4b564d00
[    0.000000] kvm-clock: using sched offset of 13367255035 cycles
[    0.000000] clocksource: kvm-clock: mask: 0xffffffffffffffff max_cycles: 0x1cd42e4dffb, max_idle_ns: 881590591483 ns
[    0.000000] Zone ranges:
[    0.000000]   DMA      [mem 0x0000000000001000-0x0000000000ffffff]
[    0.000000]   DMA32    [mem 0x0000000001000000-0x000000003ffeffff]
[    0.000000]   Normal   empty
[    0.000000]   Device   empty
[    0.000000] Movable zone start for each node
[    0.000000] Early memory node ranges
[    0.000000]   node   0: [mem 0x0000000000001000-0x000000000009efff]
[    0.000000]   node   0: [mem 0x0000000000100000-0x000000003ffeffff]
[    0.000000] Reserved but unavailable: 98 pages
[    0.000000] Initmem setup node 0 [mem 0x0000000000001000-0x000000003ffeffff]
[    0.000000] ACPI: PM-Timer IO Port: 0x4008
[    0.000000] IOAPIC[0]: apic_id 2, version 32, address 0xfec00000, GSI 0-23
[    0.000000] ACPI: INT_SRC_OVR (bus 0 bus_irq 0 global_irq 2 dfl dfl)
[    0.000000] ACPI: INT_SRC_OVR (bus 0 bus_irq 9 global_irq 9 low level)
[    0.000000] Using ACPI (MADT) for SMP configuration information
[    0.000000] smpboot: Allowing 2 CPUs, 0 hotplug CPUs
[    0.000000] PM: Registered nosave memory: [mem 0x00000000-0x00000fff]
[    0.000000] PM: Registered nosave memory: [mem 0x0009f000-0x0009ffff]
[    0.000000] PM: Registered nosave memory: [mem 0x000a0000-0x000effff]
[    0.000000] PM: Registered nosave memory: [mem 0x000f0000-0x000fffff]
[    0.000000] e820: [mem 0x40000000-0xfebfffff] available for PCI devices
[    0.000000] Booting paravirtualized kernel on KVM
[    0.000000] clocksource: refined-jiffies: mask: 0xffffffff max_cycles: 0xffffffff, max_idle_ns: 7645519600211568 ns
[    0.000000] random: get_random_bytes called from start_kernel+0x99/0x4fd with crng_init=0
[    0.000000] setup_percpu: NR_CPUS:8192 nr_cpumask_bits:2 nr_cpu_ids:2 nr_node_ids:1
[    0.000000] percpu: Embedded 45 pages/cpu s147456 r8192 d28672 u1048576
[    0.000000] PV qspinlock hash table entries: 256 (order: 0, 4096 bytes)
[    0.000000] Built 1 zonelists, mobility grouping on.  Total pages: 257913
[    0.000000] Policy zone: DMA32
[    0.000000] Kernel command line: BOOT_IMAGE=/boot/vmlinuz-4.15.0-88-generic root=LABEL=cloudimg-rootfs ro console=tty1 console=ttyS0
[    0.000000] Memory: 983068K/1048120K available (12300K kernel code, 2481K rwdata, 4264K rodata, 2428K init, 2712K bss, 65052K reserved, 0K cma-reserved)
[    0.000000] SLUB: HWalign=64, Order=0-3, MinObjects=0, CPUs=2, Nodes=1
[    0.000000] Kernel/User page tables isolation: enabled
[    0.000000] ftrace: allocating 39344 entries in 154 pages
[    0.004000] Hierarchical RCU implementation.
[    0.004000] 	RCU restricting CPUs from NR_CPUS=8192 to nr_cpu_ids=2.
[    0.004000] 	Tasks RCU enabled.
[    0.004000] RCU: Adjusting geometry for rcu_fanout_leaf=16, nr_cpu_ids=2
[    0.004000] NR_IRQS: 524544, nr_irqs: 440, preallocated irqs: 16
[    0.004000] Console: colour VGA+ 80x25
[    0.004000] console [tty1] enabled
[    0.004000] console [ttyS0] enabled
[    0.004000] ACPI: Core revision 20170831
[    0.004000] ACPI: 2 ACPI AML tables successfully acquired and loaded
[    0.004000] APIC: Switch to symmetric I/O mode setup
[    0.004000] x2apic enabled
[    0.004014] Switched APIC routing to physical x2apic.
[    0.011220] ..TIMER: vector=0x30 apic1=0 pin1=2 apic2=-1 pin2=-1
[    0.012010] tsc: Detected 1599.999 MHz processor
[    0.016020] Calibrating delay loop (skipped) preset value.. 3199.99 BogoMIPS (lpj=6399996)
[    0.020011] pid_max: default: 32768 minimum: 301
[    0.024073] Security Framework initialized
[    0.028011] Yama: becoming mindful.
[    0.032059] AppArmor: AppArmor initialized
[    0.044094] Dentry cache hash table entries: 131072 (order: 8, 1048576 bytes)
[    0.052084] Inode-cache hash table entries: 65536 (order: 7, 524288 bytes)
[    0.056082] Mount-cache hash table entries: 2048 (order: 2, 16384 bytes)
[    0.060028] Mountpoint-cache hash table entries: 2048 (order: 2, 16384 bytes)
[    0.064481] Last level iTLB entries: 4KB 64, 2MB 8, 4MB 8
[    0.068011] Last level dTLB entries: 4KB 64, 2MB 0, 4MB 0, 1GB 4
[    0.072011] Spectre V1 : Mitigation: usercopy/swapgs barriers and __user pointer sanitization
[    0.076010] Spectre V2 : Mitigation: Full generic retpoline
[    0.080007] Spectre V2 : Spectre v2 / SpectreRSB mitigation: Filling RSB on context switch
[    0.084010] Speculative Store Bypass: Vulnerable
[    0.092057] MDS: Mitigation: Clear CPU buffers
[    0.096243] Freeing SMP alternatives memory: 36K
[    0.160017] APIC calibration not consistent with PM-Timer: 162ms instead of 100ms
[    0.164000] APIC delta adjusted to PM-Timer: 6249563 (10171512)
[    0.164209] smpboot: CPU0: Intel(R) Core(TM) i5-5250U CPU @ 1.60GHz (family: 0x6, model: 0x3d, stepping: 0x4)
[    0.168167] Performance Events: unsupported p6 CPU model 61 no PMU driver, software events only.
[    0.172122] Hierarchical SRCU implementation.
[    0.180809] NMI watchdog: Perf event create on CPU 0 failed with -2
[    0.184010] NMI watchdog: Perf NMI watchdog permanently disabled
[    0.188163] smp: Bringing up secondary CPUs ...
[    0.192263] x86: Booting SMP configuration:
[    0.196010] .... node  #0, CPUs:      #1
[    0.004000] kvm-clock: cpu 1, msr 0:3ff44041, secondary cpu clock
[    0.268074] smp: Brought up 1 node, 2 CPUs
[    0.272016] smpboot: Max logical packages: 1
[    0.276015] smpboot: Total of 2 processors activated (6399.99 BogoMIPS)
[    0.288019] devtmpfs: initialized
[    0.290521] x86/mm: Memory block size: 128MB
[    0.292370] evm: security.selinux
[    0.294377] evm: security.SMACK64
[    0.296010] evm: security.SMACK64EXEC
[    0.300010] evm: security.SMACK64TRANSMUTE
[    0.304012] evm: security.SMACK64MMAP
[    0.306568] evm: security.apparmor
[    0.308010] evm: security.ima
[    0.312010] evm: security.capability
[    0.320229] clocksource: jiffies: mask: 0xffffffff max_cycles: 0xffffffff, max_idle_ns: 7645041785100000 ns
[    0.324032] futex hash table entries: 512 (order: 3, 32768 bytes)
[    0.332000] pinctrl core: initialized pinctrl subsystem
[    0.332225] RTC time:  1:15:49, date: 03/03/20
[    0.340575] NET: Registered protocol family 16
[    0.344175] audit: initializing netlink subsys (disabled)
[    0.348146] audit: type=2000 audit(1583198161.602:1): state=initialized audit_enabled=0 res=1
[    0.360030] cpuidle: using governor ladder
[    0.364034] cpuidle: using governor menu
[    0.368597] ACPI: bus type PCI registered
[    0.372013] acpiphp: ACPI Hot Plug PCI Controller Driver version: 0.5
[    0.376289] PCI: Using configuration type 1 for base access
[    0.388340] HugeTLB registered 2.00 MiB page size, pre-allocated 0 pages
[    0.396197] ACPI: Added _OSI(Module Device)
[    0.400026] ACPI: Added _OSI(Processor Device)
[    0.404024] ACPI: Added _OSI(3.0 _SCP Extensions)
[    0.408013] ACPI: Added _OSI(Processor Aggregator Device)
[    0.412201] ACPI: Added _OSI(Linux-Dell-Video)
[    0.416015] ACPI: Added _OSI(Linux-Lenovo-NV-HDMI-Audio)
[    0.420017] ACPI: Added _OSI(Linux-HPI-Hybrid-Graphics)
[    0.424910] ACPI: Executed 1 blocks of module-level executable AML code
[    0.445208] ACPI: Interpreter enabled
[    0.448047] ACPI: (supports S0 S5)
[    0.452014] ACPI: Using IOAPIC for interrupt routing
[    0.460459] PCI: Using host bridge windows from ACPI; if necessary, use "pci=nocrs" and report a bug
[    0.464549] ACPI: Enabled 2 GPEs in block 00 to 07
[    0.513812] ACPI: PCI Root Bridge [PCI0] (domain 0000 [bus 00-ff])
[    0.516031] acpi PNP0A03:00: _OSC: OS supports [ASPM ClockPM Segments MSI]
[    0.524142] acpi PNP0A03:00: _OSC: not requesting OS control; OS requires [ExtendedConfig ASPM ClockPM MSI]
[    0.528044] acpi PNP0A03:00: fail to add MMCONFIG information, can't access extended PCI configuration space under this bridge.
[    0.533247] PCI host bridge to bus 0000:00
[    0.536015] pci_bus 0000:00: root bus resource [io  0x0000-0x0cf7 window]
[    0.540017] pci_bus 0000:00: root bus resource [io  0x0d00-0xffff window]
[    0.544176] pci_bus 0000:00: root bus resource [mem 0x000a0000-0x000bffff window]
[    0.548016] pci_bus 0000:00: root bus resource [mem 0x40000000-0xfdffffff window]
[    0.552023] pci_bus 0000:00: root bus resource [bus 00-ff]
[    0.566878] pci 0000:00:01.1: legacy IDE quirk: reg 0x10: [io  0x01f0-0x01f7]
[    0.568013] pci 0000:00:01.1: legacy IDE quirk: reg 0x14: [io  0x03f6]
[    0.572014] pci 0000:00:01.1: legacy IDE quirk: reg 0x18: [io  0x0170-0x0177]
[    0.576016] pci 0000:00:01.1: legacy IDE quirk: reg 0x1c: [io  0x0376]
[    0.644015] pci 0000:00:07.0: quirk: [io  0x4000-0x403f] claimed by PIIX4 ACPI
[    0.648072] pci 0000:00:07.0: quirk: [io  0x4100-0x410f] claimed by PIIX4 SMB
[    0.688637] ACPI: PCI Interrupt Link [LNKA] (IRQs 5 9 10 *11)
[    0.693046] ACPI: PCI Interrupt Link [LNKB] (IRQs 5 9 *10 11)
[    0.696390] ACPI: PCI Interrupt Link [LNKC] (IRQs 5 *9 10 11)
[    0.704309] ACPI: PCI Interrupt Link [LNKD] (IRQs 5 9 10 *11)
[    0.712345] SCSI subsystem initialized
[    0.728399] pci 0000:00:02.0: vgaarb: setting as boot VGA device
[    0.732000] pci 0000:00:02.0: vgaarb: VGA device added: decodes=io+mem,owns=io+mem,locks=none
[    0.732016] pci 0000:00:02.0: vgaarb: bridge control possible
[    0.736013] vgaarb: loaded
[    0.740090] ACPI: bus type USB registered
[    0.744080] usbcore: registered new interface driver usbfs
[    0.748058] usbcore: registered new interface driver hub
[    0.752072] usbcore: registered new device driver usb
[    0.756156] EDAC MC: Ver: 3.0.0
[    0.761010] PCI: Using ACPI for IRQ routing
[    0.764822] NetLabel: Initializing
[    0.768010] NetLabel:  domain hash size = 128
[    0.772008] NetLabel:  protocols = UNLABELED CIPSOv4 CALIPSO
[    0.776054] NetLabel:  unlabeled traffic allowed by default
[    0.784514] clocksource: Switched to clocksource kvm-clock
[    0.888200] VFS: Disk quotas dquot_6.6.0
[    0.957790] VFS: Dquot-cache hash table entries: 512 (order 0, 4096 bytes)
[    0.987387] AppArmor: AppArmor Filesystem Enabled
[    0.992533] pnp: PnP ACPI init
[    1.001498] pnp: PnP ACPI: found 3 devices
[    1.039194] clocksource: acpi_pm: mask: 0xffffff max_cycles: 0xffffff, max_idle_ns: 2085701024 ns
[    1.073683] NET: Registered protocol family 2
[    1.088272] TCP established hash table entries: 8192 (order: 4, 65536 bytes)
[    1.118931] TCP bind hash table entries: 8192 (order: 5, 131072 bytes)
[    1.130966] TCP: Hash tables configured (established 8192 bind 8192)
[    1.141296] UDP hash table entries: 512 (order: 2, 16384 bytes)
[    1.156313] UDP-Lite hash table entries: 512 (order: 2, 16384 bytes)
[    1.174565] NET: Registered protocol family 1
[    1.182148] pci 0000:00:00.0: Limiting direct PCI/PCI transfers
[    1.227101] pci 0000:00:01.0: Activating ISA DMA hang workarounds
[    1.253241] pci 0000:00:02.0: Video device with shadowed ROM at [mem 0x000c0000-0x000dffff]
[    1.273999] Unpacking initramfs...
[    2.435001] Freeing initrd memory: 19204K
[    2.437531] clocksource: tsc: mask: 0xffffffffffffffff max_cycles: 0x171023f09ff, max_idle_ns: 440795233615 ns
[    2.442168] platform rtc_cmos: registered platform RTC device (no PNP device found)
[    2.447237] Scanning for low memory corruption every 60 seconds
[    2.455357] Initialise system trusted keyrings
[    2.458952] Key type blacklist registered
[    2.461301] workingset: timestamp_bits=36 max_order=18 bucket_order=0
[    2.469797] zbud: loaded
[    2.474145] squashfs: version 4.0 (2009/01/31) Phillip Lougher
[    2.480014] fuse init (API version 7.26)
[    2.496351] Key type asymmetric registered
[    2.499459] Asymmetric key parser 'x509' registered
[    2.503053] Block layer SCSI generic (bsg) driver version 0.4 loaded (major 246)
[    2.506804] io scheduler noop registered
[    2.508743] io scheduler deadline registered
[    2.513994] io scheduler cfq registered (default)
[    2.526773] ACPI: AC Adapter [AC] (on-line)
[    2.536655] input: Power Button as /devices/LNXSYSTM:00/LNXPWRBN:00/input/input0
[    2.608257] ACPI: Power Button [PWRF]
[    2.620104] input: Sleep Button as /devices/LNXSYSTM:00/LNXSLPBN:00/input/input1
[    2.642898] ACPI: Sleep Button [SLPF]
[    2.652953] Serial: 8250/16550 driver, 32 ports, IRQ sharing enabled
[    2.668777] ACPI: Battery Slot [BAT0] (battery present)
[    2.725175] 00:02: ttyS0 at I/O 0x3f8 (irq = 4, base_baud = 115200) is a 16550A
[    2.749062] Linux agpgart interface v0.103
[    2.757844] loop: module loaded
[    2.762088] scsi host0: ata_piix
[    2.767570] scsi host1: ata_piix
[    2.772452] ata1: PATA max UDMA/33 cmd 0x1f0 ctl 0x3f6 bmdma 0xd000 irq 14
[    2.783828] ata2: PATA max UDMA/33 cmd 0x170 ctl 0x376 bmdma 0xd008 irq 15
[    2.797893] libphy: Fixed MDIO Bus: probed
[    2.802414] tun: Universal TUN/TAP device driver, 1.6
[    2.806170] PPP generic driver version 2.4.2
[    2.818423] ehci_hcd: USB 2.0 'Enhanced' Host Controller (EHCI) Driver
[    2.825291] ehci-pci: EHCI PCI platform driver
[    2.829375] ehci-platform: EHCI generic platform driver
[    2.836579] ohci_hcd: USB 1.1 'Open' Host Controller (OHCI) Driver
[    2.848937] ohci-pci: OHCI PCI platform driver
[    2.856548] ohci-platform: OHCI generic platform driver
[    2.869379] uhci_hcd: USB Universal Host Controller Interface driver
[    2.886805] i8042: PNP: PS/2 Controller [PNP0303:PS2K,PNP0f03:PS2M] at 0x60,0x64 irq 1,12
[    2.904878] serio: i8042 KBD port at 0x60,0x64 irq 1
[    2.912543] serio: i8042 AUX port at 0x60,0x64 irq 12
[    2.932631] mousedev: PS/2 mouse device common for all mice
[    2.974803] input: AT Translated Set 2 keyboard as /devices/platform/i8042/serio0/input/input2
[    2.996646] rtc_cmos rtc_cmos: rtc core: registered rtc_cmos as rtc0
[    3.005287] rtc_cmos rtc_cmos: alarms up to one day, 114 bytes nvram
[    3.019300] i2c /dev entries driver
[    3.027379] device-mapper: uevent: version 1.0.3
[    3.034701] device-mapper: ioctl: 4.37.0-ioctl (2017-09-20) initialised: dm-devel@redhat.com
[    3.052950] ledtrig-cpu: registered to indicate activity on CPUs
[    3.070439] NET: Registered protocol family 10
[    3.086408] Segment Routing with IPv6
[    3.093040] NET: Registered protocol family 17
[    3.101692] Key type dns_resolver registered
[    3.106917] mce: Using 0 MCE banks
[    3.111245] RAS: Correctable Errors collector initialized.
[    3.120763] sched_clock: Marking stable (3120691580, 0)->(6711278592, -3590587012)
[    3.141347] registered taskstats version 1
[    3.144584] Loading compiled-in X.509 certificates
[    3.156142] Loaded X.509 cert 'Build time autogenerated kernel key: f0020782f0d3a548186fb3f47aed88387a71e859'
[    3.162008] zswap: loaded using pool lzo/zbud
[    3.180336] Key type big_key registered
[    3.185292] Key type trusted registered
[    3.193373] Key type encrypted registered
[    3.197691] AppArmor: AppArmor sha1 policy hashing enabled
[    3.200102] ima: No TPM chip found, activating TPM-bypass! (rc=-19)
[    3.203300] ima: Allocated hash algorithm: sha1
[    3.205713] evm: HMAC attrs: 0x1
[    3.209019]   Magic number: 12:28:255
[    3.210995] rtc_cmos rtc_cmos: setting system clock to 2020-03-03 01:15:53 UTC (1583198153)
[    3.217689] BIOS EDD facility v0.16 2004-Jun-25, 0 devices found
[    3.222103] EDD information not available.
[    3.231477] Freeing unused kernel image memory: 2428K
[    3.256574] Write protecting the kernel read-only data: 20480k
[    3.266801] Freeing unused kernel image memory: 2008K
[    3.271560] Freeing unused kernel image memory: 1880K
[    3.309548] x86/mm: Checked W+X mappings: passed, no W+X pages found.
[    3.321374] x86/mm: Checking user space page tables
[    3.347836] x86/mm: Checked W+X mappings: passed, no W+X pages found.
Loading, please wait...
starting version 237
[    3.587338] Fusion MPT base driver 3.04.20
[    3.590810] Copyright (c) 1999-2008 LSI Corporation
[    3.687920] e1000: Intel(R) PRO/1000 Network Driver - version 7.3.21-k8-NAPI
[    3.691839] e1000: Copyright (c) 1999-2006 Intel Corporation.
[    3.717532] Fusion MPT SPI Host driver 3.04.20
[    3.721253] AVX2 version of gcm_enc/dec engaged.
[    3.723766] AES CTR mode by8 optimization enabled
[    3.735001] mptbase: ioc0: Initiating bringup
[    3.844485] ioc0: LSI53C1030 A0: Capabilities={Initiator}
[    3.944865] input: ImExPS/2 Generic Explorer Mouse as /devices/platform/i8042/serio1/input/input4
[    4.103896] scsi host2: ioc0: LSI53C1030 A0, FwRev=00000000h, Ports=1, MaxQ=256, IRQ=20
[    4.279261] scsi 2:0:0:0: Direct-Access     VBOX     HARDDISK         1.0  PQ: 0 ANSI: 5
[    4.465450] scsi target2:0:0: Beginning Domain Validation
[    4.513290] scsi target2:0:0: Domain Validation skipping write tests
[    4.516997] scsi target2:0:0: Ending Domain Validation
[    4.519521] scsi target2:0:0: asynchronous
[    4.522623] scsi 2:0:1:0: Direct-Access     VBOX     HARDDISK         1.0  PQ: 0 ANSI: 5
[    4.668161] scsi target2:0:1: Beginning Domain Validation
[    4.673518] random: fast init done
[    4.677685] scsi target2:0:1: Domain Validation skipping write tests
[    4.682169] scsi target2:0:1: Ending Domain Validation
[    4.695696] scsi target2:0:1: asynchronous
[    4.710428] sd 2:0:0:0: Attached scsi generic sg0 type 0
[    4.717167] random: systemd-udevd: uninitialized urandom read (16 bytes read)
[    4.717982] sd 2:0:1:0: Attached scsi generic sg1 type 0
[    4.721604] random: systemd-udevd: uninitialized urandom read (16 bytes read)
[    4.721610] random: systemd-udevd: uninitialized urandom read (16 bytes read)
[    4.738845] sd 2:0:0:0: [sda] 20971520 512-byte logical blocks: (10.7 GB/10.0 GiB)
[    4.744501] sd 2:0:0:0: [sda] Write Protect is off
[    4.749701] sd 2:0:1:0: [sdb] 20480 512-byte logical blocks: (10.5 MB/10.0 MiB)
[    4.752828] sd 2:0:1:0: [sdb] Write Protect is off
[    4.758352] sd 2:0:0:0: [sda] Incomplete mode parameter data
[    4.762898] sd 2:0:0:0: [sda] Assuming drive cache: write through
[    4.767163] sd 2:0:1:0: [sdb] Incomplete mode parameter data
[    4.770059] sd 2:0:1:0: [sdb] Assuming drive cache: write through
[    4.777866]  sda: sda1
[    4.792586] sd 2:0:0:0: [sda] Attached SCSI disk
[    4.799698] sd 2:0:1:0: [sdb] Attached SCSI disk
[    5.022416] e1000 0000:00:03.0 eth0: (PCI:33MHz:32-bit) 02:33:ec:f4:7d:44
[    5.026155] e1000 0000:00:03.0 eth0: Intel(R) PRO/1000 Network Connection
[    5.732325] e1000 0000:00:08.0 eth1: (PCI:33MHz:32-bit) 08:00:27:5b:d1:ba
[    5.734512] e1000 0000:00:08.0 eth1: Intel(R) PRO/1000 Network Connection
[    5.738569] e1000 0000:00:08.0 enp0s8: renamed from eth1
[    5.756513] e1000 0000:00:03.0 enp0s3: renamed from eth0
Begin: Loading essential drivers ... [    7.684398] raid6: sse2x1   gen()  5159 MB/s
[    7.732177] raid6: sse2x1   xor()  3299 MB/s
[    7.780530] raid6: sse2x2   gen()  4744 MB/s
[    7.836258] raid6: sse2x2   xor()  1761 MB/s
[    7.884352] raid6: sse2x4   gen()  3593 MB/s
[    7.936277] raid6: sse2x4   xor()  2032 MB/s
[    7.988235] raid6: avx2x1   gen()  5114 MB/s
[    8.036358] raid6: avx2x1   xor()  3644 MB/s
[    8.088806] raid6: avx2x2   gen()  3593 MB/s
[    8.140094] raid6: avx2x2   xor()  3791 MB/s
[    8.226746] raid6: avx2x4   gen()   384 MB/s
[    8.290199] raid6: avx2x4   xor()   954 MB/s
[    8.299337] raid6: using algorithm sse2x1 gen() 5159 MB/s
[    8.328311] raid6: .... xor() 3299 MB/s, rmw enabled
[    8.334528] raid6: using avx2x2 recovery algorithm
[    8.348679] xor: automatically using best checksumming function   avx       
[    8.357572] async_tx: api initialized (async)
done.
Begin: Running /scripts/init-premount ... done.
Begin: Mounting root file system ... Begin: Running /scripts/local-top ... done.
Begin: Running /scripts/local-premount ... [    8.501268] Btrfs loaded, crc32c=crc32c-intel
Scanning for Btrfs filesystems
done.
Warning: fsck not present, so skipping root file system
[    8.604544] EXT4-fs (sda1): mounted filesystem with ordered data mode. Opts: (null)
done.
Begin: Running /scripts/local-bottom ... done.
Begin: Running /scripts/init-bottom ... done.
[    9.224906] ip_tables: (C) 2000-2006 Netfilter Core Team
[    9.282401] systemd[1]: systemd 237 running in system mode. (+PAM +AUDIT +SELINUX +IMA +APPARMOR +SMACK +SYSVINIT +UTMP +LIBCRYPTSETUP +GCRYPT +GNUTLS +ACL +XZ +LZ4 +SECCOMP +BLKID +ELFUTILS +KMOD -IDN2 +IDN -PCRE2 default-hierarchy=hybrid)
[    9.295355] systemd[1]: Detected virtualization oracle.
[    9.299697] systemd[1]: Detected architecture x86-64.

Welcome to [1mUbuntu 18.04.4 LTS[0m!

[    9.319820] systemd[1]: Set hostname to <ubuntu>.
[    9.348796] systemd[1]: Initializing machine ID from random generator.
[    9.352549] systemd[1]: Installed transient /etc/machine-id file.
[   10.613791] systemd[1]: Set up automount Arbitrary Executable File Formats File System Automount Point.
[[0;32m  OK  [0m] Set up automount Arbitrary Executab…rmats File System Automount Point.
[   10.626353] systemd[1]: Created slice System Slice.
[[0;32m  OK  [0m] Created slice System Slice.
[   10.633007] systemd[1]: Listening on Journal Socket.
[[0;32m  OK  [0m] Listening on Journal Socket.
[   10.636445] systemd[1]: Listening on Journal Audit Socket.
[[0;32m  OK  [0m] Listening on Journal Audit Socket.
[[0;32m  OK  [0m] Listening on udev Kernel Socket.
         Mounting POSIX Message Queue File System...
[[0;32m  OK  [0m] Listening on Syslog Socket.
[[0;32m  OK  [0m] Listening on LVM2 poll daemon socket.
[[0;32m  OK  [0m] Listening on Device-mapper event daemon FIFOs.
[[0;32m  OK  [0m] Reached target Swap.
         Starting Uncomplicated firewall...
[[0;32m  OK  [0m] Listening on Journal Socket (/dev/log).
         Starting Journal Service...
         Starting Load Kernel Modules...
         Starting Set the console keyboard layout...
[[0;32m  OK  [0m] Listening on Network Service Netlink Socket.
[[0;32m  OK  [0m] Listening on udev Control Socket.
         Starting udev Coldplug all Devices...
[[0;32m  OK  [0m] Listening on /dev/initctl Compatibility Named Pipe.
[   10.740868] Loading iSCSI transport class v2.0-870.
         Starting Remount Root and Kernel File Systems...
         Mounting Kernel Debug File System...
         Starting Create list of required st…ce nodes for the current kernel...
[   10.763160] iscsi: registered transport (tcp)
[[0;32m  OK  [0m] Started Forward Password Requests to Wall Directory Watch.
[[0;32m  OK  [0m] Created slice system-serial\x2dgetty.slice.
[[0;32m  OK  [0m] Created slice User and Session Slice.
[[0;32m  OK  [0m] Reached target Slices.
[[0;32m  OK  [0m] Reached target User and Group Name Lookups.
         Mounting Huge Pages File System...
[[0;32m  OK  [0m] Reached target System Time Synchronized.
[[0;32m  OK  [0m] Listening on LVM2 metadata daemon socket.
         Starting Monitoring of LVM2 mirrors…ng dmeventd or progress polling...
[[0;32m  OK  [0m] Mounted POSIX Message Queue File System.
[[0;32m  OK  [0m] Started Uncomplicated firewall.
[[0;32m  OK  [0m] Started Journal Service.
[[0;32m  OK  [0m] Mounted Kernel Debug File System.
[[0;32m  OK  [0m] Mounted Huge Pages File System.
[[0;32m  OK  [0m] Started Create list of required sta…vice nodes for the current kernel.
         Starting Create Static Device Nodes in /dev...
[[0;32m  OK  [0m] Started udev Coldplug all Devices.
[   10.946359] EXT4-fs (sda1): re-mounted. Opts: (null)
[[0;32m  OK  [0m] Started Remount Root and Kernel File Systems.
[   10.986078] iscsi: registered transport (iser)
         Starting Flush Journal to Persistent Storage...
         Starting Load/Save Random Seed...
[[0;32m  OK  [0m] Started Load Kernel Modules.
[[0;32m  OK  [0m] Started LVM2 metadata daemon.
         Starting Apply Kernel Variables...
         Mounting Kernel Configuration File System...
         Mounting FUSE Control File System...
[[0;32m  OK  [0m] Mounted Kernel Configuration File System.
[[0;32m  OK  [0m] Mounted FUSE Control File System.
[   11.121798] systemd-journald[383]: Received request to flush runtime journal from PID 1
[[0;32m  OK  [0m] Started Load/Save Random Seed.
[[0;32m  OK  [0m] Started Monitoring of LVM2 mirrors,…sing dmeventd or progress polling.
[[0;32m  OK  [0m] Started Apply Kernel Variables.
[[0;32m  OK  [0m] Started Flush Journal to Persistent Storage.
[[0;32m  OK  [0m] Started Create Static Device Nodes in /dev.
         Starting udev Kernel Device Manager...
[[0;32m  OK  [0m] Started udev Kernel Device Manager.
[[0;32m  OK  [0m] Found device /dev/ttyS0.
[[0;32m  OK  [0m] Listening on Load/Save RF Kill Switch Status /dev/rfkill Watch.
[[0;32m  OK  [0m] Started Set the console keyboard layout.
[[0;32m  OK  [0m] Started Dispatch Password Requests to Console Directory Watch.
[[0;32m  OK  [0m] Reached target Local Encrypted Volumes.
[[0;32m  OK  [0m] Reached target Local File Systems (Pre).
[[0;32m  OK  [0m] Reached target Local File Systems.
         Starting AppArmor initialization...
         Starting Tell Plymouth To Write Out Runtime Data...
         Starting Commit a transient machine-id on disk...
         Starting Create Volatile Files and Directories...
         Starting Set console font and keymap...
         Starting ebtables ruleset management...
[[0;32m  OK  [0m] Started Tell Plymouth To Write Out Runtime Data.
[[0;32m  OK  [0m] Started Create Volatile Files and Directories.
         Starting Update UTMP about System Boot/Shutdown...
[[0;32m  OK  [0m] Started Update UTMP about System Boot/Shutdown.
[[0;32m  OK  [0m] Started Commit a transient machine-id on disk.
[[0;32m  OK  [0m] Started ebtables ruleset management.
[[0;32m  OK  [0m] Started AppArmor initialization.
         Starting Initial cloud-init job (pre-networking)...
[[0;32m  OK  [0m] Started Set console font and keymap.
[   20.240484] cloud-init[807]: Cloud-init v. 19.4-33-gbb4131a2-0ubuntu1~18.04.1 running 'init-local' at Tue, 03 Mar 2020 01:16:09 +0000. Up 19.42 seconds.
[[0;32m  OK  [0m] Started Initial cloud-init job (pre-networking).
[[0;32m  OK  [0m] Reached target Network (Pre).
         Starting Network Service...
[[0;32m  OK  [0m] Started Network Service.
         Starting Network Name Resolution...
         Starting Wait for Network to be Configured...
[[0;32m  OK  [0m] Started Network Name Resolution.
[[0;32m  OK  [0m] Reached target Network.
[[0;32m  OK  [0m] Reached target Host and Network Name Lookups.
[[0;32m  OK  [0m] Started Wait for Network to be Configured.
         Starting Initial cloud-init job (metadata service crawler)...
[   22.812058] cloud-init[949]: Cloud-init v. 19.4-33-gbb4131a2-0ubuntu1~18.04.1 running 'init' at Tue, 03 Mar 2020 01:16:12 +0000. Up 22.37 seconds.
[   22.821466] cloud-init[949]: ci-info: ++++++++++++++++++++++++++++++++++++++Net device info+++++++++++++++++++++++++++++++++++++++
[   22.826026] cloud-init[949]: ci-info: +--------+-------+----------------------------+---------------+--------+-------------------+
[   22.829579] cloud-init[949]: ci-info: | Device |   Up  |          Address           |      Mask     | Scope  |     Hw-Address    |
[   22.834448] cloud-init[949]: ci-info: +--------+-------+----------------------------+---------------+--------+-------------------+
[   22.839927] cloud-init[949]: ci-info: | enp0s3 |  True |         10.0.2.15          | 255.255.255.0 | global | 02:33:ec:f4:7d:44 |
[   22.845442] cloud-init[949]: ci-info: | enp0s3 |  True | fe80::33:ecff:fef4:7d44/64 |       .       |  link  | 02:33:ec:f4:7d:44 |
[   22.850297] cloud-init[949]: ci-info: | enp0s8 | False |             .              |       .       |   .    | 08:00:27:5b:d1:ba |
[   22.854340] cloud-init[949]: ci-info: |   lo   |  True |         127.0.0.1          |   255.0.0.0   |  host  |         .         |
[   22.859913] cloud-init[949]: ci-info: |   lo   |  True |          ::1/128           |       .       |  host  |         .         |
[   22.863691] cloud-init[949]: ci-info: +--------+-------+----------------------------+---------------+--------+-------------------+
[   22.869677] cloud-init[949]: ci-info: ++++++++++++++++++++++++++++Route IPv4 info+++++++++++++++++++++++++++++
[   22.874534] cloud-init[949]: ci-info: +-------+-------------+----------+-----------------+-----------+-------+
[   22.882741] cloud-init[949]: ci-info: | Route | Destination | Gateway  |     Genmask     | Interface | Flags |
[   22.886977] cloud-init[949]: ci-info: +-------+-------------+----------+-----------------+-----------+-------+
[   22.891261] cloud-init[949]: ci-info: |   0   |   0.0.0.0   | 10.0.2.2 |     0.0.0.0     |   enp0s3  |   UG  |
[   22.894866] cloud-init[949]: ci-info: |   1   |   10.0.2.0  | 0.0.0.0  |  255.255.255.0  |   enp0s3  |   U   |
[   22.900896] cloud-init[949]: ci-info: |   2   |   10.0.2.2  | 0.0.0.0  | 255.255.255.255 |   enp0s3  |   UH  |
[   22.906534] cloud-init[949]: ci-info: +-------+-------------+----------+-----------------+-----------+-------+
[   22.913157] cloud-init[949]: ci-info: +++++++++++++++++++Route IPv6 info+++++++++++++++++++
[   22.921702] cloud-init[949]: ci-info: +-------+-------------+---------+-----------+-------+
[   22.925585] cloud-init[949]: ci-info: | Route | Destination | Gateway | Interface | Flags |
[   22.929257] cloud-init[949]: ci-info: +-------+-------------+---------+-----------+-------+
[   22.935093] cloud-init[949]: ci-info: |   1   |  fe80::/64  |    ::   |   enp0s3  |   U   |
[   22.940544] cloud-init[949]: ci-info: |   3   |    local    |    ::   |   enp0s3  |   U   |
[   22.943286] cloud-init[949]: ci-info: |   4   |   ff00::/8  |    ::   |   enp0s3  |   U   |
[   22.947302] cloud-init[949]: ci-info: +-------+-------------+---------+-----------+-------+
[   24.454400] cloud-init[949]: Generating public/private rsa key pair.
[   24.456490] cloud-init[949]: Your identification has been saved in /etc/ssh/ssh_host_rsa_key.
[   24.458461] cloud-init[949]: Your public key has been saved in /etc/ssh/ssh_host_rsa_key.pub.
[   24.461182] cloud-init[949]: The key fingerprint is:
[   24.462644] cloud-init[949]: SHA256:SZiVmPO/96PVY7JE15QV2tdIla7enmU/MTXbaw8OjUU root@ubuntu-bionic
[   24.472401] cloud-init[949]: The key's randomart image is:
[   24.474197] cloud-init[949]: +---[RSA 2048]----+
[   24.475971] cloud-init[949]: |       o..    .o=|
[   24.477570] cloud-init[949]: |      ++.    .oo+|
[   24.479245] cloud-init[949]: |      oo.    .Eo+|
[   24.480784] cloud-init[949]: |       ...   . ++|
[   24.482377] cloud-init[949]: |        S.   .o.*|
[   24.483756] cloud-init[949]: |          . .=.=.|
[   24.485137] cloud-init[949]: |           .+o=oB|
[   24.486791] cloud-init[949]: |          . o==B=|
[   24.488538] cloud-init[949]: |           ..+=+=|
[   24.490404] cloud-init[949]: +----[SHA256]-----+
[   24.491975] cloud-init[949]: Generating public/private dsa key pair.
[   24.494155] cloud-init[949]: Your identification has been saved in /etc/ssh/ssh_host_dsa_key.
[   24.504391] cloud-init[949]: Your public key has been saved in /etc/ssh/ssh_host_dsa_key.pub.
[   24.507272] cloud-init[949]: The key fingerprint is:
[   24.508863] cloud-init[949]: SHA256:Odb3GaIRuEeuPCTUgJCbXzDDbaLMC6Q9iG310aqFjgI root@ubuntu-bionic
[   24.512009] cloud-init[949]: The key's randomart image is:
[   24.514523] cloud-init[949]: +---[DSA 1024]----+
[   24.518186] cloud-init[949]: |  .+ o..         |
[   24.520216] cloud-init[949]: | .. O +o..       |
[   24.522491] cloud-init[949]: |+* = O.oo o      |
[   24.524948] cloud-init[949]: |E @ ..=  * .     |
[   24.526903] cloud-init[949]: |.o * +. S = o .  |
[   24.540437] cloud-init[949]: |. o +  = + + o o |
[   24.542437] cloud-init[949]: | .      + .   o  |
[   24.544559] cloud-init[949]: |         .       |
[   24.546695] cloud-init[949]: |                 |
[   24.548264] cloud-init[949]: +----[SHA256]-----+
[   24.549643] cloud-init[949]: Generating public/private ecdsa key pair.
[   24.552025] cloud-init[949]: Your identification has been saved in /etc/ssh/ssh_host_ecdsa_key.
[   24.556079] cloud-init[949]: Your public key has been saved in /etc/ssh/ssh_host_ecdsa_key.pub.
[   24.569008] cloud-init[949]: The key fingerprint is:
[   24.571467] cloud-init[949]: SHA256:XFRZw9yHqYfyUqlsjqLDijTxykS2D4RBtSbhCXdGuuA root@ubuntu-bionic
[   24.575559] cloud-init[949]: The key's randomart image is:
[   24.578066] cloud-init[949]: [[0;32m  OK  [0m] Started Initial cloud-init job (metadata service crawler).
+---[ECDSA 256]---+
[   24.582220] cloud-init[[0;32m  OK  [0m] Reached target Network is Online.
[949]: |.ooo+     ...=o+ |
[   24.585623] cloud-init[949]: |+.o+.    .  . =.o|
[   24.587411] cloud-init[949]:          Starting Availability of block devices...
[[0;32m  OK  [0m] Reached target Remote File Systems (Pre).
|o+.o      .  +  .|
[[0;32m  OK  [0m] Reached target Remote File Systems.
[   24.592735] cloud-init[949]: |ooo.   . .. = .  |
[   24.593834] cloud-init[949]: |.E.     S. = .   |
[   24.595081] cloud-init[[0;32m  OK  [0m] Reached target Cloud-config availability.
[[0;32m  OK  [0m] Reached target System Initialization.
         Starting LXD - unix socket.
[[0;32m  OK  [0m] Listening on ACPID Listen Socket.
[[0;32m  OK  [0m] Started ACPI Events Check.
[[0;32m  OK  [0m] Started Discard unused blocks once a week.
[[0;32m  OK  [0m] Reached target Paths.
[[0;32m  OK  [0m] Started Message of the Day.
         Starting Socket activation for snappy daemon.
[[0;32m  OK  [0m] Listening on Open-iSCSI iscsid Socket.
[[0;32m  OK  [0m] Started Daily Cleanup of Temporary Directories.
[[0;32m  OK  [0m] Listening on D-Bus System Message Bus Socket.
[[0;32m  OK  [0m] Started Daily apt download activities.
[[0;32m  OK  [0m] Started Daily apt upgrade and clean activities.
[[0;32m  OK  [0m] Reached target Timers.
[[0;32m  OK  [0m] Listening on UUID daemon activation socket.
[[0;32m  OK  [0m] Listening on Socket activation for snappy daemon.
[949]: [[0;32m  OK  [0m] Listening on LXD - unix socket.
[[0;32m  OK  [0m] Reached target Sockets.
[[0;32m  OK  [0m] Reached target Basic System.
|+ +       = .    |
[   24.638777] cloud-init[949]: | * o     + .     |
         Starting Accounts Service...
[   24.641595] cloud-init[949]: |+.= o . . .      |
         Starting Pollinate to seed the pseudo random number generator...
[   24.657600] cloud-init[949]: |.o.o.o .         |
[[0;32m  OK  [0m] Started D-Bus System Message Bus.
[   24.665186] cloud-init[949]: +----[SHA256]-----+
[   24.672151] cloud-init[949]: Generating public/private ed25519 key pair.
[   24.675052] cloud-init[949]: Your identification has been saved in /etc/ssh/ssh_host_ed25519_key.
[   24.678777] cloud-init[949]: Your public key has been saved in /etc/ssh/ssh_host_ed25519_key.pub.
[   24.692260] cloud-init[949]: The key fingerprint is:
[   24.695420] cloud-init[949]: SHA256:bkybt26/iU3ZQjtjw90OC3ygN377R+fQDqfN9jVdW0I root@ubuntu-bionic
[   24.712705] cloud-init[949]: The key's randomart image is:
[   24.724396] cloud-init[949]: +--[ED25519 256]--+
[   24.725209] cloud-init[949]: |                 |
[   24.726306] cloud-init[949]: |                 |
[   24.727242] cloud-init[949]: |              E  |
[   24.742089] cloud-init[949]: |             .   |
[   24.744710] cloud-init[949]: |        S   o ..o|
[   24.756332] cloud-init[949]: |       + o = *ooX|
[   24.768460] cloud-init[949]: |        * o / =&=|
[   24.769526] cloud-init[949]: |       . ..O Xo+X|
[   24.770820] cloud-init[949]: |         o+.*oo+*|
[   24.780643] cloud-init[949]: +----[SHA256]-----+
         Starting Login Service...
[[0;32m  OK  [0m] Started irqbalance daemon.
         Starting Permit User Sessions...
[[0;32m  OK  [0m] Started FUSE filesystem for LXC.
[[0;32m  OK  [0m] Started Regular background program processing daemon.
         Starting LSB: Record successful boot for GRUB...
         Starting Dispatcher daemon for systemd-networkd...
[[0;32m  OK  [0m] Started Deferred execution scheduler.
         Starting LSB: automatic crash report generation...
         Starting Virtualbox guest utils...
         Starting System Logging Service...
         Starting Snappy daemon...
         Starting LXD - container startup/shutdown...
[[0;32m  OK  [0m] Started Availability of block devices.
[[0;32m  OK  [0m] Started Permit User Sessions.
[[0;32m  OK  [0m] Started System Logging Service.
[[0;32m  OK  [0m] Started Login Service.
[[0;32m  OK  [0m] Started Unattended Upgrades Shutdown.
         Starting Authorization Manager...
         Starting Hold until boot process finishes up...
         Starting Terminate Plymouth Boot Screen...
[[0;32m  OK  [0m] Started Hold until boot process finishes up.
[[0;32m  OK  [0m] Started Terminate Plymouth Boot Screen.
         Starting Set console scheme...
[[0;32m  OK  [0m] Started Serial Getty on ttyS0.
[[0;32m  OK  [0m] Started LSB: automatic crash report generation.
[[0;32m  OK  [0m] Started Set console scheme.
[[0;32m  OK  [0m] Created slice system-getty.slice.
[[0;32m  OK  [0m] Started Getty on tty1.
[[0;32m  OK  [0m] Reached target Login Prompts.
[[0;32m  OK  [0m] Started Authorization Manager.
[[0;32m  OK  [0m] Started Accounts Service.
[[0;32m  OK  [0m] Started LSB: Record successful boot for GRUB.
[[0;32m  OK  [0m] Started Virtualbox guest utils.
[[0;32m  OK  [0m] Started LXD - container startup/shutdown.
[[0;32m  OK  [0m] Started Dispatcher daemon for systemd-networkd.
[[0;32m  OK  [0m] Started Snappy daemon.
         Starting Wait until snapd is fully seeded...
[[0;32m  OK  [0m] Started Pollinate to seed the pseudo random number generator.
         Starting OpenBSD Secure Shell server...
[[0;32m  OK  [0m] Started OpenBSD Secure Shell server.
[[0;32m  OK  [0m] Created slice User Slice of vagrant.
         Starting User Manager for UID 1000...
[[0;32m  OK  [0m] Started Session 1 of user vagrant.
[[0;32m  OK  [0m] Started User Manager for UID 1000.

Ubuntu 18.04.4 LTS ubuntu-bionic ttyS0

ubuntu-bionic login: [   38.053962] cloud-init[1724]: Cloud-init v. 19.4-33-gbb4131a2-0ubuntu1~18.04.1 running 'modules:config' at Tue, 03 Mar 2020 01:16:27 +0000. Up 36.93 seconds.
ci-info: no authorized SSH keys fingerprints found for user ubuntu.
<14>Mar  3 01:16:29 ec2: 
<14>Mar  3 01:16:29 ec2: #############################################################
<14>Mar  3 01:16:29 ec2: -----BEGIN SSH HOST KEY FINGERPRINTS-----
<14>Mar  3 01:16:29 ec2: 1024 SHA256:Odb3GaIRuEeuPCTUgJCbXzDDbaLMC6Q9iG310aqFjgI root@ubuntu-bionic (DSA)
<14>Mar  3 01:16:29 ec2: 256 SHA256:XFRZw9yHqYfyUqlsjqLDijTxykS2D4RBtSbhCXdGuuA root@ubuntu-bionic (ECDSA)
<14>Mar  3 01:16:29 ec2: 256 SHA256:bkybt26/iU3ZQjtjw90OC3ygN377R+fQDqfN9jVdW0I root@ubuntu-bionic (ED25519)
<14>Mar  3 01:16:29 ec2: 2048 SHA256:SZiVmPO/96PVY7JE15QV2tdIla7enmU/MTXbaw8OjUU root@ubuntu-bionic (RSA)
<14>Mar  3 01:16:29 ec2: -----END SSH HOST KEY FINGERPRINTS-----
<14>Mar  3 01:16:29 ec2: #############################################################
-----BEGIN SSH HOST KEY KEYS-----
ecdsa-sha2-nistp256 AAAAE2VjZHNhLXNoYTItbmlzdHAyNTYAAAAIbmlzdHAyNTYAAABBBPuMk6lE8X5mPYwdBiwctOZCTCUzp4tkY8NYtBFgl5GU+0e8FLgMI1J+obencnZqenMllHVfQA8xHqUEGQ62E8g= root@ubuntu-bionic
ssh-ed25519 AAAAC3NzaC1lZDI1NTE5AAAAIJR1NofI9TV/lR1aBRNoDtaLGRVTVJ46Tdf8OTHGdidV root@ubuntu-bionic
ssh-rsa AAAAB3NzaC1yc2EAAAADAQABAAABAQDMdk3ySkZCLtjAWLc0LGS2foa8pOq0hilhvKorbI1HrrMDA4WnrRpCSh1J50EvSMsDPNlNyv4P79OZYlKO0Li0Zl3jABrowzZcb1KULYkNk2m8vsUZFO3a8Z2JLyBe1vFyMykPp6ptchEQZMFR3lWL+xj+RWFs0aws4HO40IrVvju4A5B26QTdcP35T7p0SNvASg+TbJ7nUKjQSdGg6b+0TZj3zsvZdiD2v1FRfMH39i6RWCoVSpnRdq19MU8/IYcAuTzJMJjZH0jDFjOvEtGGyk6mFgItCG6FYdrGZx+UEf3yT+flKK7Iuvo3TptoHmfKBpCtiDhZTuwFldGb8NMX root@ubuntu-bionic
-----END SSH HOST KEY KEYS-----
[   39.404701] cloud-init[1901]: Cloud-init v. 19.4-33-gbb4131a2-0ubuntu1~18.04.1 running 'modules:final' at Tue, 03 Mar 2020 01:16:29 +0000. Up 38.97 seconds.
[   39.404862] cloud-init[1901]: ci-info: no authorized SSH keys fingerprints found for user ubuntu.
[   39.404934] cloud-init[1901]: Cloud-init v. 19.4-33-gbb4131a2-0ubuntu1~18.04.1 finished at Tue, 03 Mar 2020 01:16:29 +0000. Datasource DataSourceNoCloud [seed=/dev/sdb][dsmode=net].  Up 39.38 seconds
